<?xml version="1.0" encoding="UTF-8"?>
<!-- Generated by org.testng.reporters.JUnitReportReporter -->
<testsuite skipped="0" hostname="AUTOEVER-PC164" name="testcases.Tc002_NegativeLogincase" tests="1" failures="0" timestamp="2019-12-12T13:01:20 IST" time="56.060" errors="0">
  <testcase name="loginNegativeCase" time="56.060" classname="testcases.Tc002_NegativeLogincase"/>
</testsuite> <!-- testcases.Tc002_NegativeLogincase -->
