<?xml version="1.0" encoding="UTF-8"?>
<!-- Generated by org.testng.reporters.JUnitReportReporter -->
<testsuite skipped="0" hostname="AUTOEVER-PC164" name="testcases.Tc004_Enrollment" tests="1" failures="0" timestamp="2019-12-16T15:00:21 IST" time="485.156" errors="0">
  <testcase name="enrollmentCancel" time="485.156" classname="testcases.Tc004_Enrollment"/>
</testsuite> <!-- testcases.Tc004_Enrollment -->
