<?xml version="1.0" encoding="UTF-8"?>
<!-- Generated by org.testng.reporters.JUnitReportReporter -->
<testsuite skipped="0" hostname="AUTOEVER-PC164" name="testcases.Tc001" tests="1" failures="0" timestamp="2019-11-26T08:31:08 IST" time="91.356" errors="0">
  <testcase name="logins" time="91.356" classname="testcases.Tc001"/>
</testsuite> <!-- testcases.Tc001 -->
