<?xml version="1.0" encoding="UTF-8"?>
<!-- Generated by org.testng.reporters.JUnitReportReporter -->
<testsuite skipped="0" hostname="AUTOEVER-PC164" name="testcases.Tc003_NegativeLogincase" tests="1" failures="0" timestamp="2019-11-26T15:06:41 IST" time="60.193" errors="0">
  <testcase name="logins" time="60.193" classname="testcases.Tc003_NegativeLogincase"/>
</testsuite> <!-- testcases.Tc003_NegativeLogincase -->
