<?xml version="1.0" encoding="UTF-8"?>
<!-- Generated by org.testng.reporters.JUnitReportReporter -->
<testsuite skipped="0" hostname="AUTOEVER-PC164" name="testcases.Tc005_EnrollmentLater" tests="1" failures="0" timestamp="2019-12-16T15:03:10 IST" time="138.711" errors="0">
  <testcase name="enrollmentLater" time="138.711" classname="testcases.Tc005_EnrollmentLater"/>
</testsuite> <!-- testcases.Tc005_EnrollmentLater -->
