<?xml version="1.0" encoding="UTF-8"?>
<!-- Generated by org.testng.reporters.JUnitReportReporter -->
<testsuite skipped="0" hostname="AUTOEVER-PC164" name="testcases.Tc003_Hyundai_Resources" tests="1" failures="0" timestamp="2019-12-12T13:01:20 IST" time="140.344" errors="0">
  <testcase name="hyundaiResources" time="140.344" classname="testcases.Tc003_Hyundai_Resources"/>
</testsuite> <!-- testcases.Tc003_Hyundai_Resources -->
