<?xml version="1.0" encoding="UTF-8"?>
<!-- Generated by org.testng.reporters.JUnitReportReporter -->
<testsuite skipped="0" hostname="AUTOEVER-PC164" name="testcases.Tc001_Login_Positive_Cases" tests="1" failures="0" timestamp="2019-12-12T13:01:20 IST" time="75.354" errors="0">
  <testcase name="loginPositivecase" time="75.354" classname="testcases.Tc001_Login_Positive_Cases"/>
</testsuite> <!-- testcases.Tc001_Login_Positive_Cases -->
