<?xml version="1.0" encoding="UTF-8"?>
<!-- Generated by org.testng.reporters.JUnitReportReporter -->
<testsuite skipped="0" hostname="AUTOEVER-PC164" name="testcases.Tc002" tests="1" failures="0" timestamp="2019-11-26T14:55:58 IST" time="132.027" errors="0">
  <testcase name="logins" time="132.027" classname="testcases.Tc002"/>
</testsuite> <!-- testcases.Tc002 -->
